WAVE_VIEW LAYOUT DEBUGGING SUITE
================================================================================
Data file: ../data/Ring_Oscillator_7stage.raw

================================================================================
TEST 1: SINGLE Y-AXIS
================================================================================

============================================================
Single Y-Axis Test
============================================================
Number of traces: 1
Figure height: 600

X-AXIS CONFIGURATION:
  Title: Time (s)
  Domain: (0, 1)
  Anchor: None
  Position: None
  Side: None
  Range slider visible: True

Y-AXES CONFIGURATION (1 found):
  YAXIS:
    Title: Voltage (V)
    Domain: (0, 1.0)
    Anchor: x
    Position: None
    Side: None

TRACE ASSIGNMENTS:
  Trace 0 (VDD): x=None, y=y

RAW LAYOUT (JSON):
{
  "template": {
    "data": {
      "histogram2dcontour": [
        {
          "type": "histogram2dcontour",
          "colorbar": {
            "outlinewidth": 0,
            "ticks": ""
          },
          "colorscale": [
            [
              0.0,
              "#0d0887"
            ],
            [
              0.1111111111111111,
              "#46039f"
            ],
            [
              0.2222222222222222,
              "#7201a8"
            ],
            [
              0.3333333333333333,
              "#9c179e"
            ],
            [
              0.4444444444444444,
              "#bd3786"
            ],
            [
              0.5555555555555556,
              "#d8576b"
            ],
            [
              0.6666666666666666,
              "#ed7953"
            ],
            [
              0.7777777777777778,
              "#fb9f3a"
            ],
            [
              0.8888888888888888,
              "#fdca26"
            ],
            [
              1.0,
              "#f0f921"
            ]
          ]
        }
      ],
      "choropleth": [
        {
          "type": "choropleth",
          "colorbar": {
            "outlinewidth": 0,
            "ticks": ""
          }
        }
      ],
      "histogram2d": [
        {
          "type": "histogram2d",
          "colorbar": {
            "outlinewidth": 0,
            "ticks": ""
          },
          "colorscale": [
            [
              0.0,
              "#0d0887"
            ],
            [
              0.1111111111111111,
              "#46039f"
            ],
            [
              0.2222222222222222,
              "#7201a8"
            ],
            [
              0.3333333333333333,
              "#9c179e"
            ],
            [
              0.4444444444444444,
              "#bd3786"
            ],
            [
              0.5555555555555556,
              "#d8576b"
            ],
            [
              0.6666666666666666,
              "#ed7953"
            ],
            [
              0.7777777777777778,
              "#fb9f3a"
            ],
            [
              0.8888888888888888,
              "#fdca26"
            ],
            [
              1.0,
              "#f0f921"
            ]
          ]
        }
      ],
      "heatmap": [
        {
          "type": "heatmap",
          "colorbar": {
            "outlinewidth": 0,
            "ticks": ""
          },
          "colorscale": [
            [
              0.0,
              "#0d0887"
            ],
            [
              0.1111111111111111,
              "#46039f"
            ],
            [
              0.2222222222222222,
              "#7201a8"
            ],
            [
              0.3333333333333333,
              "#9c179e"
            ],
            [
              0.4444444444444444,
              "#bd3786"
            ],
            [
              0.5555555555555556,
              "#d8576b"
            ],
            [
              0.6666666666666666,
              "#ed7953"
            ],
            [
              0.7777777777777778,
              "#fb9f3a"
            ],
            [
              0.8888888888888888,
              "#fdca26"
            ],
            [
              1.0,
              "#f0f921"
            ]
          ]
        }
      ],
      "contourcarpet": [
        {
          "type": "contourcarpet",
          "colorbar": {
            "outlinewidth": 0,
            "ticks": ""
          }
        }
      ],
      "contour": [
        {
          "type": "contour",
          "colorbar": {
            "outlinewidth": 0,
            "ticks": ""
          },
          "colorscale": [
            [
              0.0,
              "#0d0887"
            ],
            [
              0.1111111111111111,
              "#46039f"
            ],
            [
              0.2222222222222222,
              "#7201a8"
            ],
            [
              0.3333333333333333,
              "#9c179e"
            ],
            [
              0.4444444444444444,
              "#bd3786"
            ],
            [
              0.5555555555555556,
              "#d8576b"
            ],
            [
              0.6666666666666666,
              "#ed7953"
            ],
            [
              0.7777777777777778,
              "#fb9f3a"
            ],
            [
              0.8888888888888888,
              "#fdca26"
            ],
            [
              1.0,
              "#f0f921"
            ]
          ]
        }
      ],
      "surface": [
        {
          "type": "surface",
          "colorbar": {
            "outlinewidth": 0,
            "ticks": ""
          },
          "colorscale": [
            [
              0.0,
              "#0d0887"
            ],
            [
              0.1111111111111111,
              "#46039f"
            ],
            [
              0.2222222222222222,
              "#7201a8"
            ],
            [
              0.3333333333333333,
              "#9c179e"
            ],
            [
              0.4444444444444444,
              "#bd3786"
            ],
            [
              0.5555555555555556,
              "#d8576b"
            ],
            [
              0.6666666666666666,
              "#ed7953"
            ],
            [
              0.7777777777777778,
              "#fb9f3a"
            ],
            [
              0.8888888888888888,
              "#fdca26"
            ],
            [
              1.0,
              "#f0f921"
            ]
          ]
        }
      ],
      "mesh3d": [
        {
          "type": "mesh3d",
          "colorbar": {
            "outlinewidth": 0,
            "ticks": ""
          }
        }
      ],
      "scatter": [
        {
          "fillpattern": {
            "fillmode": "overlay",
            "size": 10,
            "solidity": 0.2
          },
          "type": "scatter"
        }
      ],
      "parcoords": [
        {
          "type": "parcoords",
          "line": {
            "colorbar": {
              "outlinewidth": 0,
              "ticks": ""
            }
          }
        }
      ],
      "scatterpolargl": [
        {
          "type": "scatterpolargl",
          "marker": {
            "colorbar": {
              "outlinewidth": 0,
              "ticks": ""
            }
          }
        }
      ],
      "bar": [
        {
          "error_x": {
            "color": "#2a3f5f"
          },
          "error_y": {
            "color": "#2a3f5f"
          },
          "marker": {
            "line": {
              "color": "#E5ECF6",
              "width": 0.5
            },
            "pattern": {
              "fillmode": "overlay",
              "size": 10,
              "solidity": 0.2
            }
          },
          "type": "bar"
        }
      ],
      "scattergeo": [
        {
          "type": "scattergeo",
          "marker": {
            "colorbar": {
              "outlinewidth": 0,
              "ticks": ""
            }
          }
        }
      ],
      "scatterpolar": [
        {
          "type": "scatterpolar",
          "marker": {
            "colorbar": {
              "outlinewidth": 0,
              "ticks": ""
            }
          }
        }
      ],
      "histogram": [
        {
          "marker": {
            "pattern": {
              "fillmode": "overlay",
              "size": 10,
              "solidity": 0.2
            }
          },
          "type": "histogram"
        }
      ],
      "scattergl": [
        {
          "type": "scattergl",
          "marker": {
            "colorbar": {
              "outlinewidth": 0,
              "ticks": ""
            }
          }
        }
      ],
      "scatter3d": [
        {
          "type": "scatter3d",
          "line": {
            "colorbar": {
              "outlinewidth": 0,
              "ticks": ""
            }
          },
          "marker": {
            "colorbar": {
              "outlinewidth": 0,
              "ticks": ""
            }
          }
        }
      ],
      "scattermap": [
        {
          "type": "scattermap",
          "marker": {
            "colorbar": {
              "outlinewidth": 0,
              "ticks": ""
            }
          }
        }
      ],
      "scattermapbox": [
        {
          "type": "scattermapbox",
          "marker": {
            "colorbar": {
              "outlinewidth": 0,
              "ticks": ""
            }
          }
        }
      ],
      "scatterternary": [
        {
          "type": "scatterternary",
          "marker": {
            "colorbar": {
              "outlinewidth": 0,
              "ticks": ""
            }
          }
        }
      ],
      "scattercarpet": [
        {
          "type": "scattercarpet",
          "marker": {
            "colorbar": {
              "outlinewidth": 0,
              "ticks": ""
            }
          }
        }
      ],
      "carpet": [
        {
          "aaxis": {
            "endlinecolor": "#2a3f5f",
            "gridcolor": "white",
            "linecolor": "white",
            "minorgridcolor": "white",
            "startlinecolor": "#2a3f5f"
          },
          "baxis": {
            "endlinecolor": "#2a3f5f",
            "gridcolor": "white",
            "linecolor": "white",
            "minorgridcolor": "white",
            "startlinecolor": "#2a3f5f"
          },
          "type": "carpet"
        }
      ],
      "table": [
        {
          "cells": {
            "fill": {
              "color": "#EBF0F8"
            },
            "line": {
              "color": "white"
            }
          },
          "header": {
            "fill": {
              "color": "#C8D4E3"
            },
            "line": {
              "color": "white"
            }
          },
          "type": "table"
        }
      ],
      "barpolar": [
        {
          "marker": {
            "line": {
              "color": "#E5ECF6",
              "width": 0.5
            },
            "pattern": {
              "fillmode": "overlay",
              "size": 10,
              "solidity": 0.2
            }
          },
          "type": "barpolar"
        }
      ],
      "pie": [
        {
          "automargin": true,
          "type": "pie"
        }
      ]
    },
    "layout": {
      "autotypenumbers": "strict",
      "colorway": [
        "#636efa",
        "#EF553B",
        "#00cc96",
        "#ab63fa",
        "#FFA15A",
        "#19d3f3",
        "#FF6692",
        "#B6E880",
        "#FF97FF",
        "#FECB52"
      ],
      "font": {
        "color": "#2a3f5f"
      },
      "hovermode": "closest",
      "hoverlabel": {
        "align": "left"
      },
      "paper_bgcolor": "white",
      "plot_bgcolor": "#E5ECF6",
      "polar": {
        "bgcolor": "#E5ECF6",
        "angularaxis": {
          "gridcolor": "white",
          "linecolor": "white",
          "ticks": ""
        },
        "radialaxis": {
          "gridcolor": "white",
          "linecolor": "white",
          "ticks": ""
        }
      },
      "ternary": {
        "bgcolor": "#E5ECF6",
        "aaxis": {
          "gridcolor": "white",
          "linecolor": "white",
          "ticks": ""
        },
        "baxis": {
          "gridcolor": "white",
          "linecolor": "white",
          "ticks": ""
        },
        "caxis": {
          "gridcolor": "white",
          "linecolor": "white",
          "ticks": ""
        }
      },
      "coloraxis": {
        "colorbar": {
          "outlinewidth": 0,
          "ticks": ""
        }
      },
      "colorscale": {
        "sequential": [
          [
            0.0,
            "#0d0887"
          ],
          [
            0.1111111111111111,
            "#46039f"
          ],
          [
            0.2222222222222222,
            "#7201a8"
          ],
          [
            0.3333333333333333,
            "#9c179e"
          ],
          [
            0.4444444444444444,
            "#bd3786"
          ],
          [
            0.5555555555555556,
            "#d8576b"
          ],
          [
            0.6666666666666666,
            "#ed7953"
          ],
          [
            0.7777777777777778,
            "#fb9f3a"
          ],
          [
            0.8888888888888888,
            "#fdca26"
          ],
          [
            1.0,
            "#f0f921"
          ]
        ],
        "sequentialminus": [
          [
            0.0,
            "#0d0887"
          ],
          [
            0.1111111111111111,
            "#46039f"
          ],
          [
            0.2222222222222222,
            "#7201a8"
          ],
          [
            0.3333333333333333,
            "#9c179e"
          ],
          [
            0.4444444444444444,
            "#bd3786"
          ],
          [
            0.5555555555555556,
            "#d8576b"
          ],
          [
            0.6666666666666666,
            "#ed7953"
          ],
          [
            0.7777777777777778,
            "#fb9f3a"
          ],
          [
            0.8888888888888888,
            "#fdca26"
          ],
          [
            1.0,
            "#f0f921"
          ]
        ],
        "diverging": [
          [
            0,
            "#8e0152"
          ],
          [
            0.1,
            "#c51b7d"
          ],
          [
            0.2,
            "#de77ae"
          ],
          [
            0.3,
            "#f1b6da"
          ],
          [
            0.4,
            "#fde0ef"
          ],
          [
            0.5,
            "#f7f7f7"
          ],
          [
            0.6,
            "#e6f5d0"
          ],
          [
            0.7,
            "#b8e186"
          ],
          [
            0.8,
            "#7fbc41"
          ],
          [
            0.9,
            "#4d9221"
          ],
          [
            1,
            "#276419"
          ]
        ]
      },
      "xaxis": {
        "gridcolor": "white",
        "linecolor": "white",
        "ticks": "",
        "title": {
          "standoff": 15
        },
        "zerolinecolor": "white",
        "automargin": true,
        "zerolinewidth": 2
      },
      "yaxis": {
        "gridcolor": "white",
        "linecolor": "white",
        "ticks": "",
        "title": {
          "standoff": 15
        },
        "zerolinecolor": "white",
        "automargin": true,
        "zerolinewidth": 2
      },
      "scene": {
        "xaxis": {
          "backgroundcolor": "#E5ECF6",
          "gridcolor": "white",
          "linecolor": "white",
          "showbackground": true,
          "ticks": "",
          "zerolinecolor": "white",
          "gridwidth": 2
        },
        "yaxis": {
          "backgroundcolor": "#E5ECF6",
          "gridcolor": "white",
          "linecolor": "white",
          "showbackground": true,
          "ticks": "",
          "zerolinecolor": "white",
          "gridwidth": 2
        },
        "zaxis": {
          "backgroundcolor": "#E5ECF6",
          "gridcolor": "white",
          "linecolor": "white",
          "showbackground": true,
          "ticks": "",
          "zerolinecolor": "white",
          "gridwidth": 2
        }
      },
      "shapedefaults": {
        "line": {
          "color": "#2a3f5f"
        }
      },
      "annotationdefaults": {
        "arrowcolor": "#2a3f5f",
        "arrowhead": 0,
        "arrowwidth": 1
      },
      "geo": {
        "bgcolor": "white",
        "landcolor": "#E5ECF6",
        "subunitcolor": "white",
        "showland": true,
        "showlakes": true,
        "lakecolor": "white"
      },
      "title": {
        "x": 0.05
      },
      "mapbox": {
        "style": "light"
      }
    }
  },
  "yaxis": {
    "title": {
      "text": "Voltage (V)"
    },
    "domain": [
      0,
      1.0
    ],
    "anchor": "x"
  },
  "title": {
    "text": "Single Y-Axis Test"
  },
  "xaxis": {
    "rangeslider": {
      "visible": true
    },
    "title": {
      "text": "Time (s)"
    },
    "domain": [
      0,
      1
    ]
  },
  "height": 600,
  "dragmode": "zoom",
  "updatemenus": [
    {
      "buttons": [
        {
          "args": [
            {
              "dragmode": "zoom"
            }
          ],
          "label": "Zoom XY",
          "method": "relayout"
        },
        {
          "args": [
            {
              "dragmode": "zoom",
              "xaxis.fixedrange": true,
              "yaxis.fixedrange": false
            }
          ],
          "label": "Zoom Y",
          "method": "relayout"
        },
        {
          "args": [
            {
              "dragmode": "zoom",
              "xaxis.fixedrange": false,
              "yaxis.fixedrange": true
            }
          ],
          "label": "Zoom X",
          "method": "relayout"
        }
      ],
      "direction": "right",
      "showactive": true,
      "type": "buttons",
      "x": 0.5,
      "xanchor": "center",
      "y": 1.15,
      "yanchor": "top"
    }
  ]
}

================================================================================
TEST 2: DUAL Y-AXIS
================================================================================

============================================================
Dual Y-Axis Test
============================================================
Number of traces: 3
Figure height: 600

X-AXIS CONFIGURATION:
  Title: Time (s)
  Domain: (0, 1)
  Anchor: None
  Position: None
  Side: None
  Range slider visible: True

Y-AXES CONFIGURATION (2 found):
  YAXIS:
    Title: Voltage (V)
    Domain: (0.525, 1.0)
    Anchor: x
    Position: None
    Side: None
  YAXIS2:
    Title: Current (A)
    Domain: (0, 0.475)
    Anchor: x
    Position: None
    Side: None

TRACE ASSIGNMENTS:
  Trace 0 (VDD): x=None, y=y
  Trace 1 (Output): x=None, y=y
  Trace 2 (Supply Current): x=None, y=y2

RAW LAYOUT (JSON):
{
  "template": {
    "data": {
      "histogram2dcontour": [
        {
          "type": "histogram2dcontour",
          "colorbar": {
            "outlinewidth": 0,
            "ticks": ""
          },
          "colorscale": [
            [
              0.0,
              "#0d0887"
            ],
            [
              0.1111111111111111,
              "#46039f"
            ],
            [
              0.2222222222222222,
              "#7201a8"
            ],
            [
              0.3333333333333333,
              "#9c179e"
            ],
            [
              0.4444444444444444,
              "#bd3786"
            ],
            [
              0.5555555555555556,
              "#d8576b"
            ],
            [
              0.6666666666666666,
              "#ed7953"
            ],
            [
              0.7777777777777778,
              "#fb9f3a"
            ],
            [
              0.8888888888888888,
              "#fdca26"
            ],
            [
              1.0,
              "#f0f921"
            ]
          ]
        }
      ],
      "choropleth": [
        {
          "type": "choropleth",
          "colorbar": {
            "outlinewidth": 0,
            "ticks": ""
          }
        }
      ],
      "histogram2d": [
        {
          "type": "histogram2d",
          "colorbar": {
            "outlinewidth": 0,
            "ticks": ""
          },
          "colorscale": [
            [
              0.0,
              "#0d0887"
            ],
            [
              0.1111111111111111,
              "#46039f"
            ],
            [
              0.2222222222222222,
              "#7201a8"
            ],
            [
              0.3333333333333333,
              "#9c179e"
            ],
            [
              0.4444444444444444,
              "#bd3786"
            ],
            [
              0.5555555555555556,
              "#d8576b"
            ],
            [
              0.6666666666666666,
              "#ed7953"
            ],
            [
              0.7777777777777778,
              "#fb9f3a"
            ],
            [
              0.8888888888888888,
              "#fdca26"
            ],
            [
              1.0,
              "#f0f921"
            ]
          ]
        }
      ],
      "heatmap": [
        {
          "type": "heatmap",
          "colorbar": {
            "outlinewidth": 0,
            "ticks": ""
          },
          "colorscale": [
            [
              0.0,
              "#0d0887"
            ],
            [
              0.1111111111111111,
              "#46039f"
            ],
            [
              0.2222222222222222,
              "#7201a8"
            ],
            [
              0.3333333333333333,
              "#9c179e"
            ],
            [
              0.4444444444444444,
              "#bd3786"
            ],
            [
              0.5555555555555556,
              "#d8576b"
            ],
            [
              0.6666666666666666,
              "#ed7953"
            ],
            [
              0.7777777777777778,
              "#fb9f3a"
            ],
            [
              0.8888888888888888,
              "#fdca26"
            ],
            [
              1.0,
              "#f0f921"
            ]
          ]
        }
      ],
      "contourcarpet": [
        {
          "type": "contourcarpet",
          "colorbar": {
            "outlinewidth": 0,
            "ticks": ""
          }
        }
      ],
      "contour": [
        {
          "type": "contour",
          "colorbar": {
            "outlinewidth": 0,
            "ticks": ""
          },
          "colorscale": [
            [
              0.0,
              "#0d0887"
            ],
            [
              0.1111111111111111,
              "#46039f"
            ],
            [
              0.2222222222222222,
              "#7201a8"
            ],
            [
              0.3333333333333333,
              "#9c179e"
            ],
            [
              0.4444444444444444,
              "#bd3786"
            ],
            [
              0.5555555555555556,
              "#d8576b"
            ],
            [
              0.6666666666666666,
              "#ed7953"
            ],
            [
              0.7777777777777778,
              "#fb9f3a"
            ],
            [
              0.8888888888888888,
              "#fdca26"
            ],
            [
              1.0,
              "#f0f921"
            ]
          ]
        }
      ],
      "surface": [
        {
          "type": "surface",
          "colorbar": {
            "outlinewidth": 0,
            "ticks": ""
          },
          "colorscale": [
            [
              0.0,
              "#0d0887"
            ],
            [
              0.1111111111111111,
              "#46039f"
            ],
            [
              0.2222222222222222,
              "#7201a8"
            ],
            [
              0.3333333333333333,
              "#9c179e"
            ],
            [
              0.4444444444444444,
              "#bd3786"
            ],
            [
              0.5555555555555556,
              "#d8576b"
            ],
            [
              0.6666666666666666,
              "#ed7953"
            ],
            [
              0.7777777777777778,
              "#fb9f3a"
            ],
            [
              0.8888888888888888,
              "#fdca26"
            ],
            [
              1.0,
              "#f0f921"
            ]
          ]
        }
      ],
      "mesh3d": [
        {
          "type": "mesh3d",
          "colorbar": {
            "outlinewidth": 0,
            "ticks": ""
          }
        }
      ],
      "scatter": [
        {
          "fillpattern": {
            "fillmode": "overlay",
            "size": 10,
            "solidity": 0.2
          },
          "type": "scatter"
        }
      ],
      "parcoords": [
        {
          "type": "parcoords",
          "line": {
            "colorbar": {
              "outlinewidth": 0,
              "ticks": ""
            }
          }
        }
      ],
      "scatterpolargl": [
        {
          "type": "scatterpolargl",
          "marker": {
            "colorbar": {
              "outlinewidth": 0,
              "ticks": ""
            }
          }
        }
      ],
      "bar": [
        {
          "error_x": {
            "color": "#2a3f5f"
          },
          "error_y": {
            "color": "#2a3f5f"
          },
          "marker": {
            "line": {
              "color": "#E5ECF6",
              "width": 0.5
            },
            "pattern": {
              "fillmode": "overlay",
              "size": 10,
              "solidity": 0.2
            }
          },
          "type": "bar"
        }
      ],
      "scattergeo": [
        {
          "type": "scattergeo",
          "marker": {
            "colorbar": {
              "outlinewidth": 0,
              "ticks": ""
            }
          }
        }
      ],
      "scatterpolar": [
        {
          "type": "scatterpolar",
          "marker": {
            "colorbar": {
              "outlinewidth": 0,
              "ticks": ""
            }
          }
        }
      ],
      "histogram": [
        {
          "marker": {
            "pattern": {
              "fillmode": "overlay",
              "size": 10,
              "solidity": 0.2
            }
          },
          "type": "histogram"
        }
      ],
      "scattergl": [
        {
          "type": "scattergl",
          "marker": {
            "colorbar": {
              "outlinewidth": 0,
              "ticks": ""
            }
          }
        }
      ],
      "scatter3d": [
        {
          "type": "scatter3d",
          "line": {
            "colorbar": {
              "outlinewidth": 0,
              "ticks": ""
            }
          },
          "marker": {
            "colorbar": {
              "outlinewidth": 0,
              "ticks": ""
            }
          }
        }
      ],
      "scattermap": [
        {
          "type": "scattermap",
          "marker": {
            "colorbar": {
              "outlinewidth": 0,
              "ticks": ""
            }
          }
        }
      ],
      "scattermapbox": [
        {
          "type": "scattermapbox",
          "marker": {
            "colorbar": {
              "outlinewidth": 0,
              "ticks": ""
            }
          }
        }
      ],
      "scatterternary": [
        {
          "type": "scatterternary",
          "marker": {
            "colorbar": {
              "outlinewidth": 0,
              "ticks": ""
            }
          }
        }
      ],
      "scattercarpet": [
        {
          "type": "scattercarpet",
          "marker": {
            "colorbar": {
              "outlinewidth": 0,
              "ticks": ""
            }
          }
        }
      ],
      "carpet": [
        {
          "aaxis": {
            "endlinecolor": "#2a3f5f",
            "gridcolor": "white",
            "linecolor": "white",
            "minorgridcolor": "white",
            "startlinecolor": "#2a3f5f"
          },
          "baxis": {
            "endlinecolor": "#2a3f5f",
            "gridcolor": "white",
            "linecolor": "white",
            "minorgridcolor": "white",
            "startlinecolor": "#2a3f5f"
          },
          "type": "carpet"
        }
      ],
      "table": [
        {
          "cells": {
            "fill": {
              "color": "#EBF0F8"
            },
            "line": {
              "color": "white"
            }
          },
          "header": {
            "fill": {
              "color": "#C8D4E3"
            },
            "line": {
              "color": "white"
            }
          },
          "type": "table"
        }
      ],
      "barpolar": [
        {
          "marker": {
            "line": {
              "color": "#E5ECF6",
              "width": 0.5
            },
            "pattern": {
              "fillmode": "overlay",
              "size": 10,
              "solidity": 0.2
            }
          },
          "type": "barpolar"
        }
      ],
      "pie": [
        {
          "automargin": true,
          "type": "pie"
        }
      ]
    },
    "layout": {
      "autotypenumbers": "strict",
      "colorway": [
        "#636efa",
        "#EF553B",
        "#00cc96",
        "#ab63fa",
        "#FFA15A",
        "#19d3f3",
        "#FF6692",
        "#B6E880",
        "#FF97FF",
        "#FECB52"
      ],
      "font": {
        "color": "#2a3f5f"
      },
      "hovermode": "closest",
      "hoverlabel": {
        "align": "left"
      },
      "paper_bgcolor": "white",
      "plot_bgcolor": "#E5ECF6",
      "polar": {
        "bgcolor": "#E5ECF6",
        "angularaxis": {
          "gridcolor": "white",
          "linecolor": "white",
          "ticks": ""
        },
        "radialaxis": {
          "gridcolor": "white",
          "linecolor": "white",
          "ticks": ""
        }
      },
      "ternary": {
        "bgcolor": "#E5ECF6",
        "aaxis": {
          "gridcolor": "white",
          "linecolor": "white",
          "ticks": ""
        },
        "baxis": {
          "gridcolor": "white",
          "linecolor": "white",
          "ticks": ""
        },
        "caxis": {
          "gridcolor": "white",
          "linecolor": "white",
          "ticks": ""
        }
      },
      "coloraxis": {
        "colorbar": {
          "outlinewidth": 0,
          "ticks": ""
        }
      },
      "colorscale": {
        "sequential": [
          [
            0.0,
            "#0d0887"
          ],
          [
            0.1111111111111111,
            "#46039f"
          ],
          [
            0.2222222222222222,
            "#7201a8"
          ],
          [
            0.3333333333333333,
            "#9c179e"
          ],
          [
            0.4444444444444444,
            "#bd3786"
          ],
          [
            0.5555555555555556,
            "#d8576b"
          ],
          [
            0.6666666666666666,
            "#ed7953"
          ],
          [
            0.7777777777777778,
            "#fb9f3a"
          ],
          [
            0.8888888888888888,
            "#fdca26"
          ],
          [
            1.0,
            "#f0f921"
          ]
        ],
        "sequentialminus": [
          [
            0.0,
            "#0d0887"
          ],
          [
            0.1111111111111111,
            "#46039f"
          ],
          [
            0.2222222222222222,
            "#7201a8"
          ],
          [
            0.3333333333333333,
            "#9c179e"
          ],
          [
            0.4444444444444444,
            "#bd3786"
          ],
          [
            0.5555555555555556,
            "#d8576b"
          ],
          [
            0.6666666666666666,
            "#ed7953"
          ],
          [
            0.7777777777777778,
            "#fb9f3a"
          ],
          [
            0.8888888888888888,
            "#fdca26"
          ],
          [
            1.0,
            "#f0f921"
          ]
        ],
        "diverging": [
          [
            0,
            "#8e0152"
          ],
          [
            0.1,
            "#c51b7d"
          ],
          [
            0.2,
            "#de77ae"
          ],
          [
            0.3,
            "#f1b6da"
          ],
          [
            0.4,
            "#fde0ef"
          ],
          [
            0.5,
            "#f7f7f7"
          ],
          [
            0.6,
            "#e6f5d0"
          ],
          [
            0.7,
            "#b8e186"
          ],
          [
            0.8,
            "#7fbc41"
          ],
          [
            0.9,
            "#4d9221"
          ],
          [
            1,
            "#276419"
          ]
        ]
      },
      "xaxis": {
        "gridcolor": "white",
        "linecolor": "white",
        "ticks": "",
        "title": {
          "standoff": 15
        },
        "zerolinecolor": "white",
        "automargin": true,
        "zerolinewidth": 2
      },
      "yaxis": {
        "gridcolor": "white",
        "linecolor": "white",
        "ticks": "",
        "title": {
          "standoff": 15
        },
        "zerolinecolor": "white",
        "automargin": true,
        "zerolinewidth": 2
      },
      "scene": {
        "xaxis": {
          "backgroundcolor": "#E5ECF6",
          "gridcolor": "white",
          "linecolor": "white",
          "showbackground": true,
          "ticks": "",
          "zerolinecolor": "white",
          "gridwidth": 2
        },
        "yaxis": {
          "backgroundcolor": "#E5ECF6",
          "gridcolor": "white",
          "linecolor": "white",
          "showbackground": true,
          "ticks": "",
          "zerolinecolor": "white",
          "gridwidth": 2
        },
        "zaxis": {
          "backgroundcolor": "#E5ECF6",
          "gridcolor": "white",
          "linecolor": "white",
          "showbackground": true,
          "ticks": "",
          "zerolinecolor": "white",
          "gridwidth": 2
        }
      },
      "shapedefaults": {
        "line": {
          "color": "#2a3f5f"
        }
      },
      "annotationdefaults": {
        "arrowcolor": "#2a3f5f",
        "arrowhead": 0,
        "arrowwidth": 1
      },
      "geo": {
        "bgcolor": "white",
        "landcolor": "#E5ECF6",
        "subunitcolor": "white",
        "showland": true,
        "showlakes": true,
        "lakecolor": "white"
      },
      "title": {
        "x": 0.05
      },
      "mapbox": {
        "style": "light"
      }
    }
  },
  "yaxis": {
    "title": {
      "text": "Voltage (V)"
    },
    "domain": [
      0.525,
      1.0
    ],
    "anchor": "x"
  },
  "yaxis2": {
    "title": {
      "text": "Current (A)"
    },
    "domain": [
      0,
      0.475
    ],
    "anchor": "x"
  },
  "title": {
    "text": "Dual Y-Axis Test"
  },
  "xaxis": {
    "rangeslider": {
      "visible": true
    },
    "title": {
      "text": "Time (s)"
    },
    "domain": [
      0,
      1
    ]
  },
  "height": 600,
  "dragmode": "zoom",
  "updatemenus": [
    {
      "buttons": [
        {
          "args": [
            {
              "dragmode": "zoom"
            }
          ],
          "label": "Zoom XY",
          "method": "relayout"
        },
        {
          "args": [
            {
              "dragmode": "zoom",
              "xaxis.fixedrange": true,
              "yaxis.fixedrange": false,
              "yaxis2.fixedrange": false
            }
          ],
          "label": "Zoom Y",
          "method": "relayout"
        },
        {
          "args": [
            {
              "dragmode": "zoom",
              "xaxis.fixedrange": false,
              "yaxis.fixedrange": true,
              "yaxis2.fixedrange": true
            }
          ],
          "label": "Zoom X",
          "method": "relayout"
        }
      ],
      "direction": "right",
      "showactive": true,
      "type": "buttons",
      "x": 0.5,
      "xanchor": "center",
      "y": 1.15,
      "yanchor": "top"
    }
  ]
}

================================================================================
TEST 3: TRIPLE Y-AXIS
================================================================================

============================================================
Triple Y-Axis Test
============================================================
Number of traces: 4
Figure height: 900

X-AXIS CONFIGURATION:
  Title: Time (s)
  Domain: (0, 1)
  Anchor: None
  Position: None
  Side: None
  Range slider visible: True

Y-AXES CONFIGURATION (3 found):
  YAXIS:
    Title: VDD (V)
    Domain: (0.7, 1.0)
    Anchor: x
    Position: None
    Side: None
  YAXIS2:
    Title: Output (V)
    Domain: (0.35, 0.6499999999999999)
    Anchor: x
    Position: None
    Side: None
  YAXIS3:
    Title: Current (A)
    Domain: (0, 0.3)
    Anchor: x
    Position: None
    Side: None

TRACE ASSIGNMENTS:
  Trace 0 (VDD): x=None, y=y
  Trace 1 (Output): x=None, y=y2
  Trace 2 (Bus07): x=None, y=y2
  Trace 3 (Supply Current): x=None, y=y3

RAW LAYOUT (JSON):
{
  "template": {
    "data": {
      "histogram2dcontour": [
        {
          "type": "histogram2dcontour",
          "colorbar": {
            "outlinewidth": 0,
            "ticks": ""
          },
          "colorscale": [
            [
              0.0,
              "#0d0887"
            ],
            [
              0.1111111111111111,
              "#46039f"
            ],
            [
              0.2222222222222222,
              "#7201a8"
            ],
            [
              0.3333333333333333,
              "#9c179e"
            ],
            [
              0.4444444444444444,
              "#bd3786"
            ],
            [
              0.5555555555555556,
              "#d8576b"
            ],
            [
              0.6666666666666666,
              "#ed7953"
            ],
            [
              0.7777777777777778,
              "#fb9f3a"
            ],
            [
              0.8888888888888888,
              "#fdca26"
            ],
            [
              1.0,
              "#f0f921"
            ]
          ]
        }
      ],
      "choropleth": [
        {
          "type": "choropleth",
          "colorbar": {
            "outlinewidth": 0,
            "ticks": ""
          }
        }
      ],
      "histogram2d": [
        {
          "type": "histogram2d",
          "colorbar": {
            "outlinewidth": 0,
            "ticks": ""
          },
          "colorscale": [
            [
              0.0,
              "#0d0887"
            ],
            [
              0.1111111111111111,
              "#46039f"
            ],
            [
              0.2222222222222222,
              "#7201a8"
            ],
            [
              0.3333333333333333,
              "#9c179e"
            ],
            [
              0.4444444444444444,
              "#bd3786"
            ],
            [
              0.5555555555555556,
              "#d8576b"
            ],
            [
              0.6666666666666666,
              "#ed7953"
            ],
            [
              0.7777777777777778,
              "#fb9f3a"
            ],
            [
              0.8888888888888888,
              "#fdca26"
            ],
            [
              1.0,
              "#f0f921"
            ]
          ]
        }
      ],
      "heatmap": [
        {
          "type": "heatmap",
          "colorbar": {
            "outlinewidth": 0,
            "ticks": ""
          },
          "colorscale": [
            [
              0.0,
              "#0d0887"
            ],
            [
              0.1111111111111111,
              "#46039f"
            ],
            [
              0.2222222222222222,
              "#7201a8"
            ],
            [
              0.3333333333333333,
              "#9c179e"
            ],
            [
              0.4444444444444444,
              "#bd3786"
            ],
            [
              0.5555555555555556,
              "#d8576b"
            ],
            [
              0.6666666666666666,
              "#ed7953"
            ],
            [
              0.7777777777777778,
              "#fb9f3a"
            ],
            [
              0.8888888888888888,
              "#fdca26"
            ],
            [
              1.0,
              "#f0f921"
            ]
          ]
        }
      ],
      "contourcarpet": [
        {
          "type": "contourcarpet",
          "colorbar": {
            "outlinewidth": 0,
            "ticks": ""
          }
        }
      ],
      "contour": [
        {
          "type": "contour",
          "colorbar": {
            "outlinewidth": 0,
            "ticks": ""
          },
          "colorscale": [
            [
              0.0,
              "#0d0887"
            ],
            [
              0.1111111111111111,
              "#46039f"
            ],
            [
              0.2222222222222222,
              "#7201a8"
            ],
            [
              0.3333333333333333,
              "#9c179e"
            ],
            [
              0.4444444444444444,
              "#bd3786"
            ],
            [
              0.5555555555555556,
              "#d8576b"
            ],
            [
              0.6666666666666666,
              "#ed7953"
            ],
            [
              0.7777777777777778,
              "#fb9f3a"
            ],
            [
              0.8888888888888888,
              "#fdca26"
            ],
            [
              1.0,
              "#f0f921"
            ]
          ]
        }
      ],
      "surface": [
        {
          "type": "surface",
          "colorbar": {
            "outlinewidth": 0,
            "ticks": ""
          },
          "colorscale": [
            [
              0.0,
              "#0d0887"
            ],
            [
              0.1111111111111111,
              "#46039f"
            ],
            [
              0.2222222222222222,
              "#7201a8"
            ],
            [
              0.3333333333333333,
              "#9c179e"
            ],
            [
              0.4444444444444444,
              "#bd3786"
            ],
            [
              0.5555555555555556,
              "#d8576b"
            ],
            [
              0.6666666666666666,
              "#ed7953"
            ],
            [
              0.7777777777777778,
              "#fb9f3a"
            ],
            [
              0.8888888888888888,
              "#fdca26"
            ],
            [
              1.0,
              "#f0f921"
            ]
          ]
        }
      ],
      "mesh3d": [
        {
          "type": "mesh3d",
          "colorbar": {
            "outlinewidth": 0,
            "ticks": ""
          }
        }
      ],
      "scatter": [
        {
          "fillpattern": {
            "fillmode": "overlay",
            "size": 10,
            "solidity": 0.2
          },
          "type": "scatter"
        }
      ],
      "parcoords": [
        {
          "type": "parcoords",
          "line": {
            "colorbar": {
              "outlinewidth": 0,
              "ticks": ""
            }
          }
        }
      ],
      "scatterpolargl": [
        {
          "type": "scatterpolargl",
          "marker": {
            "colorbar": {
              "outlinewidth": 0,
              "ticks": ""
            }
          }
        }
      ],
      "bar": [
        {
          "error_x": {
            "color": "#2a3f5f"
          },
          "error_y": {
            "color": "#2a3f5f"
          },
          "marker": {
            "line": {
              "color": "#E5ECF6",
              "width": 0.5
            },
            "pattern": {
              "fillmode": "overlay",
              "size": 10,
              "solidity": 0.2
            }
          },
          "type": "bar"
        }
      ],
      "scattergeo": [
        {
          "type": "scattergeo",
          "marker": {
            "colorbar": {
              "outlinewidth": 0,
              "ticks": ""
            }
          }
        }
      ],
      "scatterpolar": [
        {
          "type": "scatterpolar",
          "marker": {
            "colorbar": {
              "outlinewidth": 0,
              "ticks": ""
            }
          }
        }
      ],
      "histogram": [
        {
          "marker": {
            "pattern": {
              "fillmode": "overlay",
              "size": 10,
              "solidity": 0.2
            }
          },
          "type": "histogram"
        }
      ],
      "scattergl": [
        {
          "type": "scattergl",
          "marker": {
            "colorbar": {
              "outlinewidth": 0,
              "ticks": ""
            }
          }
        }
      ],
      "scatter3d": [
        {
          "type": "scatter3d",
          "line": {
            "colorbar": {
              "outlinewidth": 0,
              "ticks": ""
            }
          },
          "marker": {
            "colorbar": {
              "outlinewidth": 0,
              "ticks": ""
            }
          }
        }
      ],
      "scattermap": [
        {
          "type": "scattermap",
          "marker": {
            "colorbar": {
              "outlinewidth": 0,
              "ticks": ""
            }
          }
        }
      ],
      "scattermapbox": [
        {
          "type": "scattermapbox",
          "marker": {
            "colorbar": {
              "outlinewidth": 0,
              "ticks": ""
            }
          }
        }
      ],
      "scatterternary": [
        {
          "type": "scatterternary",
          "marker": {
            "colorbar": {
              "outlinewidth": 0,
              "ticks": ""
            }
          }
        }
      ],
      "scattercarpet": [
        {
          "type": "scattercarpet",
          "marker": {
            "colorbar": {
              "outlinewidth": 0,
              "ticks": ""
            }
          }
        }
      ],
      "carpet": [
        {
          "aaxis": {
            "endlinecolor": "#2a3f5f",
            "gridcolor": "white",
            "linecolor": "white",
            "minorgridcolor": "white",
            "startlinecolor": "#2a3f5f"
          },
          "baxis": {
            "endlinecolor": "#2a3f5f",
            "gridcolor": "white",
            "linecolor": "white",
            "minorgridcolor": "white",
            "startlinecolor": "#2a3f5f"
          },
          "type": "carpet"
        }
      ],
      "table": [
        {
          "cells": {
            "fill": {
              "color": "#EBF0F8"
            },
            "line": {
              "color": "white"
            }
          },
          "header": {
            "fill": {
              "color": "#C8D4E3"
            },
            "line": {
              "color": "white"
            }
          },
          "type": "table"
        }
      ],
      "barpolar": [
        {
          "marker": {
            "line": {
              "color": "#E5ECF6",
              "width": 0.5
            },
            "pattern": {
              "fillmode": "overlay",
              "size": 10,
              "solidity": 0.2
            }
          },
          "type": "barpolar"
        }
      ],
      "pie": [
        {
          "automargin": true,
          "type": "pie"
        }
      ]
    },
    "layout": {
      "autotypenumbers": "strict",
      "colorway": [
        "#636efa",
        "#EF553B",
        "#00cc96",
        "#ab63fa",
        "#FFA15A",
        "#19d3f3",
        "#FF6692",
        "#B6E880",
        "#FF97FF",
        "#FECB52"
      ],
      "font": {
        "color": "#2a3f5f"
      },
      "hovermode": "closest",
      "hoverlabel": {
        "align": "left"
      },
      "paper_bgcolor": "white",
      "plot_bgcolor": "#E5ECF6",
      "polar": {
        "bgcolor": "#E5ECF6",
        "angularaxis": {
          "gridcolor": "white",
          "linecolor": "white",
          "ticks": ""
        },
        "radialaxis": {
          "gridcolor": "white",
          "linecolor": "white",
          "ticks": ""
        }
      },
      "ternary": {
        "bgcolor": "#E5ECF6",
        "aaxis": {
          "gridcolor": "white",
          "linecolor": "white",
          "ticks": ""
        },
        "baxis": {
          "gridcolor": "white",
          "linecolor": "white",
          "ticks": ""
        },
        "caxis": {
          "gridcolor": "white",
          "linecolor": "white",
          "ticks": ""
        }
      },
      "coloraxis": {
        "colorbar": {
          "outlinewidth": 0,
          "ticks": ""
        }
      },
      "colorscale": {
        "sequential": [
          [
            0.0,
            "#0d0887"
          ],
          [
            0.1111111111111111,
            "#46039f"
          ],
          [
            0.2222222222222222,
            "#7201a8"
          ],
          [
            0.3333333333333333,
            "#9c179e"
          ],
          [
            0.4444444444444444,
            "#bd3786"
          ],
          [
            0.5555555555555556,
            "#d8576b"
          ],
          [
            0.6666666666666666,
            "#ed7953"
          ],
          [
            0.7777777777777778,
            "#fb9f3a"
          ],
          [
            0.8888888888888888,
            "#fdca26"
          ],
          [
            1.0,
            "#f0f921"
          ]
        ],
        "sequentialminus": [
          [
            0.0,
            "#0d0887"
          ],
          [
            0.1111111111111111,
            "#46039f"
          ],
          [
            0.2222222222222222,
            "#7201a8"
          ],
          [
            0.3333333333333333,
            "#9c179e"
          ],
          [
            0.4444444444444444,
            "#bd3786"
          ],
          [
            0.5555555555555556,
            "#d8576b"
          ],
          [
            0.6666666666666666,
            "#ed7953"
          ],
          [
            0.7777777777777778,
            "#fb9f3a"
          ],
          [
            0.8888888888888888,
            "#fdca26"
          ],
          [
            1.0,
            "#f0f921"
          ]
        ],
        "diverging": [
          [
            0,
            "#8e0152"
          ],
          [
            0.1,
            "#c51b7d"
          ],
          [
            0.2,
            "#de77ae"
          ],
          [
            0.3,
            "#f1b6da"
          ],
          [
            0.4,
            "#fde0ef"
          ],
          [
            0.5,
            "#f7f7f7"
          ],
          [
            0.6,
            "#e6f5d0"
          ],
          [
            0.7,
            "#b8e186"
          ],
          [
            0.8,
            "#7fbc41"
          ],
          [
            0.9,
            "#4d9221"
          ],
          [
            1,
            "#276419"
          ]
        ]
      },
      "xaxis": {
        "gridcolor": "white",
        "linecolor": "white",
        "ticks": "",
        "title": {
          "standoff": 15
        },
        "zerolinecolor": "white",
        "automargin": true,
        "zerolinewidth": 2
      },
      "yaxis": {
        "gridcolor": "white",
        "linecolor": "white",
        "ticks": "",
        "title": {
          "standoff": 15
        },
        "zerolinecolor": "white",
        "automargin": true,
        "zerolinewidth": 2
      },
      "scene": {
        "xaxis": {
          "backgroundcolor": "#E5ECF6",
          "gridcolor": "white",
          "linecolor": "white",
          "showbackground": true,
          "ticks": "",
          "zerolinecolor": "white",
          "gridwidth": 2
        },
        "yaxis": {
          "backgroundcolor": "#E5ECF6",
          "gridcolor": "white",
          "linecolor": "white",
          "showbackground": true,
          "ticks": "",
          "zerolinecolor": "white",
          "gridwidth": 2
        },
        "zaxis": {
          "backgroundcolor": "#E5ECF6",
          "gridcolor": "white",
          "linecolor": "white",
          "showbackground": true,
          "ticks": "",
          "zerolinecolor": "white",
          "gridwidth": 2
        }
      },
      "shapedefaults": {
        "line": {
          "color": "#2a3f5f"
        }
      },
      "annotationdefaults": {
        "arrowcolor": "#2a3f5f",
        "arrowhead": 0,
        "arrowwidth": 1
      },
      "geo": {
        "bgcolor": "white",
        "landcolor": "#E5ECF6",
        "subunitcolor": "white",
        "showland": true,
        "showlakes": true,
        "lakecolor": "white"
      },
      "title": {
        "x": 0.05
      },
      "mapbox": {
        "style": "light"
      }
    }
  },
  "yaxis": {
    "title": {
      "text": "VDD (V)"
    },
    "domain": [
      0.7,
      1.0
    ],
    "anchor": "x"
  },
  "yaxis2": {
    "title": {
      "text": "Output (V)"
    },
    "domain": [
      0.35,
      0.6499999999999999
    ],
    "anchor": "x"
  },
  "yaxis3": {
    "title": {
      "text": "Current (A)"
    },
    "domain": [
      0,
      0.3
    ],
    "anchor": "x"
  },
  "title": {
    "text": "Triple Y-Axis Test"
  },
  "xaxis": {
    "rangeslider": {
      "visible": true
    },
    "title": {
      "text": "Time (s)"
    },
    "domain": [
      0,
      1
    ]
  },
  "height": 900,
  "dragmode": "zoom",
  "updatemenus": [
    {
      "buttons": [
        {
          "args": [
            {
              "dragmode": "zoom"
            }
          ],
          "label": "Zoom XY",
          "method": "relayout"
        },
        {
          "args": [
            {
              "dragmode": "zoom",
              "xaxis.fixedrange": true,
              "yaxis.fixedrange": false,
              "yaxis2.fixedrange": false,
              "yaxis3.fixedrange": false
            }
          ],
          "label": "Zoom Y",
          "method": "relayout"
        },
        {
          "args": [
            {
              "dragmode": "zoom",
              "xaxis.fixedrange": false,
              "yaxis.fixedrange": true,
              "yaxis2.fixedrange": true,
              "yaxis3.fixedrange": true
            }
          ],
          "label": "Zoom X",
          "method": "relayout"
        }
      ],
      "direction": "right",
      "showactive": true,
      "type": "buttons",
      "x": 0.5,
      "xanchor": "center",
      "y": 1.15,
      "yanchor": "top"
    }
  ]
}

================================================================================
SUMMARY & ANALYSIS
================================================================================

KEY QUESTIONS TO INVESTIGATE:
1. Are all y-axes properly anchored to 'x'?
2. Is the x-axis appearing at the bottom of the figure?
3. Are y-axis domains calculated correctly?
4. Does the range slider work in all configurations?

NEXT STEPS:
- Examine y-axis domains for overlap/gaps
- Verify x-axis anchor behavior
- Test with/without range slider
- Compare single vs multi y-axis layouts
